<?xml version="1.0" encoding="UTF-8"?>
<testng-results skipped="0" failed="1" ignored="0" total="3" passed="2">
  <reporter-output>
  </reporter-output>
  <suite name="Default suite" duration-ms="28959" started-at="2020-02-10T05:41:17Z" finished-at="2020-02-10T05:41:46Z">
    <groups>
    </groups>
    <test name="Default test" duration-ms="28959" started-at="2020-02-10T05:41:17Z" finished-at="2020-02-10T05:41:46Z">
      <class name="Extent4Report">
        <test-method status="PASS" signature="setExtent()[pri:0, instance:Extent4Report@757942a1]" name="setExtent" is-config="true" duration-ms="149" started-at="2020-02-10T05:41:17Z" finished-at="2020-02-10T05:41:17Z">
          <reporter-output>
          </reporter-output>
        </test-method> <!-- setExtent -->
        <test-method status="PASS" signature="setup()[pri:0, instance:Extent4Report@757942a1]" name="setup" is-config="true" duration-ms="10613" started-at="2020-02-10T05:41:17Z" finished-at="2020-02-10T05:41:27Z">
          <reporter-output>
          </reporter-output>
        </test-method> <!-- setup -->
        <test-method status="PASS" signature="noCommerceLoginTest()[pri:0, instance:Extent4Report@757942a1]" name="noCommerceLoginTest" duration-ms="10" started-at="2020-02-10T05:41:27Z" finished-at="2020-02-10T05:41:28Z">
          <reporter-output>
          </reporter-output>
        </test-method> <!-- noCommerceLoginTest -->
        <test-method status="PASS" signature="tearDown(org.testng.ITestResult)[pri:0, instance:Extent4Report@757942a1]" name="tearDown" is-config="true" duration-ms="1013" started-at="2020-02-10T05:41:28Z" finished-at="2020-02-10T05:41:29Z">
          <params>
            <param index="0">
              <value>
                <![CDATA[[TestResult name=noCommerceLoginTest status=SUCCESS method=Extent4Report.noCommerceLoginTest()[pri:0, instance:Extent4Report@757942a1] output={null}]]]>
              </value>
            </param>
          </params>
          <reporter-output>
          </reporter-output>
        </test-method> <!-- tearDown -->
        <test-method status="PASS" signature="setup()[pri:0, instance:Extent4Report@757942a1]" name="setup" is-config="true" duration-ms="7138" started-at="2020-02-10T05:41:29Z" finished-at="2020-02-10T05:41:36Z">
          <reporter-output>
          </reporter-output>
        </test-method> <!-- setup -->
        <test-method status="PASS" signature="noCommerceLogoTest()[pri:0, instance:Extent4Report@757942a1]" name="noCommerceLogoTest" duration-ms="57" started-at="2020-02-10T05:41:36Z" finished-at="2020-02-10T05:41:36Z">
          <reporter-output>
          </reporter-output>
        </test-method> <!-- noCommerceLogoTest -->
        <test-method status="PASS" signature="tearDown(org.testng.ITestResult)[pri:0, instance:Extent4Report@757942a1]" name="tearDown" is-config="true" duration-ms="867" started-at="2020-02-10T05:41:36Z" finished-at="2020-02-10T05:41:37Z">
          <params>
            <param index="0">
              <value>
                <![CDATA[[TestResult name=noCommerceLogoTest status=SUCCESS method=Extent4Report.noCommerceLogoTest()[pri:0, instance:Extent4Report@757942a1] output={null}]]]>
              </value>
            </param>
          </params>
          <reporter-output>
          </reporter-output>
        </test-method> <!-- tearDown -->
        <test-method status="PASS" signature="setup()[pri:0, instance:Extent4Report@757942a1]" name="setup" is-config="true" duration-ms="7503" started-at="2020-02-10T05:41:37Z" finished-at="2020-02-10T05:41:44Z">
          <reporter-output>
          </reporter-output>
        </test-method> <!-- setup -->
        <test-method status="FAIL" signature="noCommerceTitleTest()[pri:0, instance:Extent4Report@757942a1]" name="noCommerceTitleTest" duration-ms="17" started-at="2020-02-10T05:41:44Z" finished-at="2020-02-10T05:41:44Z">
          <exception class="java.lang.AssertionError">
            <message>
              <![CDATA[expected [eCommerce demo store] but found [nopCommerce demo store]]]>
            </message>
            <full-stacktrace>
              <![CDATA[java.lang.AssertionError: expected [eCommerce demo store] but found [nopCommerce demo store]
at org.testng.Assert.fail(Assert.java:96)
at org.testng.Assert.failNotEquals(Assert.java:776)
at org.testng.Assert.assertEqualsImpl(Assert.java:137)
at org.testng.Assert.assertEquals(Assert.java:118)
at org.testng.Assert.assertEquals(Assert.java:453)
at org.testng.Assert.assertEquals(Assert.java:463)
at Extent4Report.noCommerceTitleTest(Extent4Report.java:61)
at sun.reflect.NativeMethodAccessorImpl.invoke0(Native Method)
at sun.reflect.NativeMethodAccessorImpl.invoke(NativeMethodAccessorImpl.java:62)
at sun.reflect.DelegatingMethodAccessorImpl.invoke(DelegatingMethodAccessorImpl.java:43)
at java.lang.reflect.Method.invoke(Method.java:498)
at org.testng.internal.MethodInvocationHelper.invokeMethod(MethodInvocationHelper.java:124)
at org.testng.internal.Invoker.invokeMethod(Invoker.java:583)
at org.testng.internal.Invoker.invokeTestMethod(Invoker.java:719)
at org.testng.internal.Invoker.invokeTestMethods(Invoker.java:989)
at org.testng.internal.TestMethodWorker.invokeTestMethods(TestMethodWorker.java:125)
at org.testng.internal.TestMethodWorker.run(TestMethodWorker.java:109)
at org.testng.TestRunner.privateRun(TestRunner.java:648)
at org.testng.TestRunner.run(TestRunner.java:505)
at org.testng.SuiteRunner.runTest(SuiteRunner.java:455)
at org.testng.SuiteRunner.runSequentially(SuiteRunner.java:450)
at org.testng.SuiteRunner.privateRun(SuiteRunner.java:415)
at org.testng.SuiteRunner.run(SuiteRunner.java:364)
at org.testng.SuiteRunnerWorker.runSuite(SuiteRunnerWorker.java:52)
at org.testng.SuiteRunnerWorker.run(SuiteRunnerWorker.java:84)
at org.testng.TestNG.runSuitesSequentially(TestNG.java:1208)
at org.testng.TestNG.runSuitesLocally(TestNG.java:1137)
at org.testng.TestNG.runSuites(TestNG.java:1049)
at org.testng.TestNG.run(TestNG.java:1017)
at org.testng.remote.AbstractRemoteTestNG.run(AbstractRemoteTestNG.java:115)
at org.testng.remote.RemoteTestNG.initAndRun(RemoteTestNG.java:251)
at org.testng.remote.RemoteTestNG.main(RemoteTestNG.java:77)
]]>
            </full-stacktrace>
          </exception> <!-- java.lang.AssertionError -->
          <reporter-output>
          </reporter-output>
        </test-method> <!-- noCommerceTitleTest -->
        <test-method status="PASS" signature="tearDown(org.testng.ITestResult)[pri:0, instance:Extent4Report@757942a1]" name="tearDown" is-config="true" duration-ms="1290" started-at="2020-02-10T05:41:44Z" finished-at="2020-02-10T05:41:45Z">
          <params>
            <param index="0">
              <value>
                <![CDATA[[TestResult name=noCommerceTitleTest status=FAILURE method=Extent4Report.noCommerceTitleTest()[pri:0, instance:Extent4Report@757942a1] output={null}]]]>
              </value>
            </param>
          </params>
          <reporter-output>
          </reporter-output>
        </test-method> <!-- tearDown -->
        <test-method status="PASS" signature="endReport()[pri:0, instance:Extent4Report@757942a1]" name="endReport" is-config="true" duration-ms="275" started-at="2020-02-10T05:41:45Z" finished-at="2020-02-10T05:41:46Z">
          <reporter-output>
          </reporter-output>
        </test-method> <!-- endReport -->
      </class> <!-- Extent4Report -->
    </test> <!-- Default test -->
  </suite> <!-- Default suite -->
</testng-results>
